[2022-10-19 18:01:00Z INFO HostContext] No proxy settings were found based on environmental variables (http_proxy/https_proxy/HTTP_PROXY/HTTPS_PROXY)
[2022-10-19 18:01:00Z INFO HostContext] Well known directory 'Bin': 'C:\Users\kchas\CypressAutomation\bin'
[2022-10-19 18:01:00Z INFO HostContext] Well known directory 'Root': 'C:\Users\kchas\CypressAutomation'
[2022-10-19 18:01:00Z INFO HostContext] Well known config file 'Credentials': 'C:\Users\kchas\CypressAutomation\.credentials'
[2022-10-19 18:01:00Z INFO HostContext] Well known directory 'Bin': 'C:\Users\kchas\CypressAutomation\bin'
[2022-10-19 18:01:00Z INFO HostContext] Well known directory 'Root': 'C:\Users\kchas\CypressAutomation'
[2022-10-19 18:01:00Z INFO HostContext] Well known config file 'Runner': 'C:\Users\kchas\CypressAutomation\.runner'
[2022-10-19 18:01:00Z INFO Listener] Runner is built for Windows (X64) - win-x64.
[2022-10-19 18:01:00Z INFO Listener] RuntimeInformation: Microsoft Windows 10.0.22000.
[2022-10-19 18:01:00Z INFO Listener] Version: 2.298.2
[2022-10-19 18:01:00Z INFO Listener] Commit: f49f0247c8f15ef51086a7c2405333cb91c6f3cd
[2022-10-19 18:01:00Z INFO Listener] Culture: en-US
[2022-10-19 18:01:00Z INFO Listener] UI Culture: en-US
[2022-10-19 18:01:00Z INFO HostContext] Well known directory 'Bin': 'C:\Users\kchas\CypressAutomation\bin'
[2022-10-19 18:01:00Z INFO HostContext] Well known directory 'Root': 'C:\Users\kchas\CypressAutomation'
[2022-10-19 18:01:00Z INFO Listener] Validating directory permissions for: 'C:\Users\kchas\CypressAutomation'
[2022-10-19 18:01:00Z INFO CommandLineParser] Parse
[2022-10-19 18:01:00Z INFO CommandLineParser] Parsing 5 args
[2022-10-19 18:01:00Z INFO CommandLineParser] parsing argument
[2022-10-19 18:01:00Z INFO CommandLineParser] HasArgs: False
[2022-10-19 18:01:00Z INFO CommandLineParser] Adding Command: configure
[2022-10-19 18:01:00Z INFO CommandLineParser] parsing argument
[2022-10-19 18:01:00Z INFO CommandLineParser] HasArgs: True
[2022-10-19 18:01:00Z INFO CommandLineParser] arg: url
[2022-10-19 18:01:00Z INFO CommandLineParser] parsing argument
[2022-10-19 18:01:00Z INFO CommandLineParser] HasArgs: True
[2022-10-19 18:01:00Z INFO CommandLineParser] Adding option 'url': 'https://github.com/ReWattInc'
[2022-10-19 18:01:00Z INFO CommandLineParser] parsing argument
[2022-10-19 18:01:00Z INFO CommandLineParser] HasArgs: True
[2022-10-19 18:01:00Z INFO CommandLineParser] arg: token
[2022-10-19 18:01:00Z INFO CommandLineParser] parsing argument
[2022-10-19 18:01:00Z INFO CommandLineParser] HasArgs: True
[2022-10-19 18:01:00Z INFO CommandLineParser] Adding option 'token': '***'
[2022-10-19 18:01:00Z INFO Listener] Arguments parsed
[2022-10-19 18:01:00Z INFO Runner] ExecuteCommand
[2022-10-19 18:01:00Z INFO ConfigurationStore] currentAssemblyLocation: C:\Users\kchas\CypressAutomation\bin\Runner.Listener.dll
[2022-10-19 18:01:00Z INFO HostContext] Well known directory 'Bin': 'C:\Users\kchas\CypressAutomation\bin'
[2022-10-19 18:01:00Z INFO ConfigurationStore] binPath: C:\Users\kchas\CypressAutomation\bin
[2022-10-19 18:01:00Z INFO HostContext] Well known directory 'Bin': 'C:\Users\kchas\CypressAutomation\bin'
[2022-10-19 18:01:00Z INFO HostContext] Well known directory 'Root': 'C:\Users\kchas\CypressAutomation'
[2022-10-19 18:01:00Z INFO ConfigurationStore] RootFolder: C:\Users\kchas\CypressAutomation
[2022-10-19 18:01:00Z INFO HostContext] Well known directory 'Bin': 'C:\Users\kchas\CypressAutomation\bin'
[2022-10-19 18:01:00Z INFO HostContext] Well known directory 'Root': 'C:\Users\kchas\CypressAutomation'
[2022-10-19 18:01:00Z INFO HostContext] Well known config file 'Runner': 'C:\Users\kchas\CypressAutomation\.runner'
[2022-10-19 18:01:00Z INFO ConfigurationStore] ConfigFilePath: C:\Users\kchas\CypressAutomation\.runner
[2022-10-19 18:01:00Z INFO HostContext] Well known directory 'Bin': 'C:\Users\kchas\CypressAutomation\bin'
[2022-10-19 18:01:00Z INFO HostContext] Well known directory 'Root': 'C:\Users\kchas\CypressAutomation'
[2022-10-19 18:01:00Z INFO HostContext] Well known config file 'Credentials': 'C:\Users\kchas\CypressAutomation\.credentials'
[2022-10-19 18:01:00Z INFO ConfigurationStore] CredFilePath: C:\Users\kchas\CypressAutomation\.credentials
[2022-10-19 18:01:00Z INFO HostContext] Well known directory 'Bin': 'C:\Users\kchas\CypressAutomation\bin'
[2022-10-19 18:01:00Z INFO HostContext] Well known directory 'Root': 'C:\Users\kchas\CypressAutomation'
[2022-10-19 18:01:00Z INFO HostContext] Well known config file 'MigratedCredentials': 'C:\Users\kchas\CypressAutomation\.credentials_migrated'
[2022-10-19 18:01:00Z INFO ConfigurationStore] MigratedCredFilePath: C:\Users\kchas\CypressAutomation\.credentials_migrated
[2022-10-19 18:01:00Z INFO HostContext] Well known directory 'Bin': 'C:\Users\kchas\CypressAutomation\bin'
[2022-10-19 18:01:00Z INFO HostContext] Well known directory 'Root': 'C:\Users\kchas\CypressAutomation'
[2022-10-19 18:01:00Z INFO HostContext] Well known config file 'Service': 'C:\Users\kchas\CypressAutomation\.service'
[2022-10-19 18:01:00Z INFO ConfigurationStore] ServiceConfigFilePath: C:\Users\kchas\CypressAutomation\.service
[2022-10-19 18:01:00Z INFO CommandSettings] Flag 'help': 'False'
[2022-10-19 18:01:00Z INFO CommandSettings] Flag 'version': 'False'
[2022-10-19 18:01:00Z INFO CommandSettings] Flag 'commit': 'False'
[2022-10-19 18:01:00Z INFO CommandSettings] Flag 'check': 'False'
[2022-10-19 18:01:00Z INFO CommandSettings] Command 'configure': 'True'
[2022-10-19 18:01:00Z INFO Terminal] WRITE LINE: 
[2022-10-19 18:01:00Z INFO Terminal] WRITE LINE: --------------------------------------------------------------------------------
[2022-10-19 18:01:00Z INFO Terminal] WRITE LINE: |        ____ _ _   _   _       _          _        _   _                      |
[2022-10-19 18:01:00Z INFO Terminal] WRITE LINE: |       / ___(_) |_| | | |_   _| |__      / \   ___| |_(_) ___  _ __  ___      |
[2022-10-19 18:01:00Z INFO Terminal] WRITE LINE: |      | |  _| | __| |_| | | | | '_ \    / _ \ / __| __| |/ _ \| '_ \/ __|     |
[2022-10-19 18:01:00Z INFO Terminal] WRITE LINE: |      | |_| | | |_|  _  | |_| | |_) |  / ___ \ (__| |_| | (_) | | | \__ \     |
[2022-10-19 18:01:00Z INFO Terminal] WRITE LINE: |       \____|_|\__|_| |_|\__,_|_.__/  /_/   \_\___|\__|_|\___/|_| |_|___/     |
[2022-10-19 18:01:00Z INFO Terminal] WRITE LINE: |                                                                              |
[2022-10-19 18:01:00Z INFO Terminal] WRITE: |                       
[2022-10-19 18:01:00Z INFO Terminal] WRITE: Self-hosted runner registration
[2022-10-19 18:01:00Z INFO Terminal] WRITE LINE:                         |
[2022-10-19 18:01:00Z INFO Terminal] WRITE LINE: |                                                                              |
[2022-10-19 18:01:00Z INFO Terminal] WRITE LINE: --------------------------------------------------------------------------------
[2022-10-19 18:01:00Z INFO ConfigurationManager] ConfigureAsync
[2022-10-19 18:01:00Z INFO ConfigurationStore] IsConfigured()
[2022-10-19 18:01:00Z INFO ConfigurationStore] IsConfigured: False
[2022-10-19 18:01:00Z INFO ConfigurationManager] Is configured: False
[2022-10-19 18:01:00Z INFO CommandSettings] Arg 'url': 'https://github.com/ReWattInc'
[2022-10-19 18:01:00Z INFO CommandSettings] Remove url from Arg dictionary.
[2022-10-19 18:01:00Z INFO CommandSettings] Arg 'token': '***'
[2022-10-19 18:01:00Z INFO CommandSettings] Remove token from Arg dictionary.
[2022-10-19 18:01:01Z INFO ConfigurationManager] Http response code: OK from 'POST https://api.github.com/actions/runner-registration'
[2022-10-19 18:01:01Z INFO ConfigurationManager] cred retrieved via GitHub auth
[2022-10-19 18:01:01Z INFO RunnerServer] Establish connection with 100 seconds timeout.
[2022-10-19 18:01:01Z INFO GitHubActionsService] Starting operation Location.GetConnectionData
[2022-10-19 18:01:01Z INFO RunnerServer] Establish connection with 60 seconds timeout.
[2022-10-19 18:01:01Z INFO GitHubActionsService] Starting operation Location.GetConnectionData
[2022-10-19 18:01:01Z INFO RunnerServer] Establish connection with 60 seconds timeout.
[2022-10-19 18:01:01Z INFO GitHubActionsService] Starting operation Location.GetConnectionData
[2022-10-19 18:01:02Z INFO GitHubActionsService] Finished operation Location.GetConnectionData
[2022-10-19 18:01:02Z INFO GitHubActionsService] Finished operation Location.GetConnectionData
[2022-10-19 18:01:02Z INFO GitHubActionsService] Finished operation Location.GetConnectionData
[2022-10-19 18:01:02Z INFO Terminal] WRITE LINE: 
[2022-10-19 18:01:02Z INFO ConfigurationManager] Test Connection complete.
[2022-10-19 18:01:02Z INFO HostContext] Well known directory 'Bin': 'C:\Users\kchas\CypressAutomation\bin'
[2022-10-19 18:01:02Z INFO HostContext] Well known directory 'Root': 'C:\Users\kchas\CypressAutomation'
[2022-10-19 18:01:02Z INFO HostContext] Well known config file 'RSACredentials': 'C:\Users\kchas\CypressAutomation\.credentials_rsaparams'
[2022-10-19 18:01:02Z INFO RSAEncryptedFileKeyManager] Creating new RSA key using 2048-bit key length
[2022-10-19 18:01:02Z INFO RSAEncryptedFileKeyManager] Successfully saved RSA key parameters to file C:\Users\kchas\CypressAutomation\.credentials_rsaparams
[2022-10-19 18:01:02Z INFO CommandSettings] Arg 'runnergroup': ''
[2022-10-19 18:01:02Z INFO CommandSettings] Flag 'unattended': 'False'
[2022-10-19 18:01:02Z INFO PromptManager] ReadValue
[2022-10-19 18:01:02Z INFO Terminal] WRITE: Enter the name of the runner group to add this runner to: 
[2022-10-19 18:01:02Z INFO Terminal] WRITE: [press Enter for Default] 
[2022-10-19 18:01:02Z INFO Terminal] READ LINE
[2022-10-19 18:01:17Z INFO Terminal] Read value: ''
[2022-10-19 18:01:17Z INFO PromptManager] Falling back to the default: 'Default'
[2022-10-19 18:01:17Z INFO Terminal] WRITE LINE: 
[2022-10-19 18:01:17Z INFO ConfigurationManager] Found a self-hosted runner group with id 1 and name Default
[2022-10-19 18:01:17Z INFO CommandSettings] Flag 'disableupdate': 'False'
[2022-10-19 18:01:17Z INFO CommandSettings] Flag 'ephemeral': 'False'
[2022-10-19 18:01:17Z INFO CommandSettings] Arg 'name': ''
[2022-10-19 18:01:17Z INFO CommandSettings] Flag 'unattended': 'False'
[2022-10-19 18:01:17Z INFO PromptManager] ReadValue
[2022-10-19 18:01:17Z INFO Terminal] WRITE: Enter the name of runner: 
[2022-10-19 18:01:17Z INFO Terminal] WRITE: [press Enter for LAPTOP-SDF6IH80] 
[2022-10-19 18:01:17Z INFO Terminal] READ LINE
[2022-10-19 18:01:20Z INFO Terminal] Read value: ''
[2022-10-19 18:01:20Z INFO PromptManager] Falling back to the default: 'LAPTOP-SDF6IH80'
[2022-10-19 18:01:20Z INFO Terminal] WRITE LINE: 
[2022-10-19 18:01:20Z INFO CommandSettings] Arg 'labels': ''
[2022-10-19 18:01:20Z INFO CommandSettings] Flag 'unattended': 'False'
[2022-10-19 18:01:20Z INFO PromptManager] ReadValue
[2022-10-19 18:01:20Z INFO Terminal] WRITE: This runner will have the following labels: 'self-hosted', 'Windows', 'X64' 
Enter any additional labels (ex. label-1,label-2): 
[2022-10-19 18:01:20Z INFO Terminal] WRITE: [press Enter to skip] 
[2022-10-19 18:01:20Z INFO Terminal] READ LINE
[2022-10-19 18:01:24Z INFO Terminal] Read value: ''
[2022-10-19 18:01:24Z INFO Terminal] WRITE LINE: 
[2022-10-19 18:01:24Z INFO CommandSettings] Flag 'disableupdate': 'False'
[2022-10-19 18:01:24Z INFO CommandSettings] Flag 'disableupdate': 'False'
[2022-10-19 18:01:24Z INFO CommandSettings] Flag 'ephemeral': 'False'
[2022-10-19 18:01:24Z INFO ConfigurationStore] Saving OAuth credential @ C:\Users\kchas\CypressAutomation\.credentials
[2022-10-19 18:01:24Z INFO ConfigurationStore] Credentials Saved.
[2022-10-19 18:01:24Z INFO ConfigurationStore] HasCredentials()
[2022-10-19 18:01:24Z INFO ConfigurationStore] stored True
[2022-10-19 18:01:24Z INFO CredentialManager] GetCredentialProvider
[2022-10-19 18:01:24Z INFO CredentialManager] Creating type OAuth
[2022-10-19 18:01:24Z INFO CredentialManager] Creating credential type: OAuth
[2022-10-19 18:01:24Z INFO RSAEncryptedFileKeyManager] Loading RSA key parameters from file C:\Users\kchas\CypressAutomation\.credentials_rsaparams
[2022-10-19 18:01:24Z INFO RunnerServer] Establish connection with 100 seconds timeout.
[2022-10-19 18:01:24Z INFO GitHubActionsService] Starting operation Location.GetConnectionData
[2022-10-19 18:01:24Z INFO RunnerServer] Establish connection with 60 seconds timeout.
[2022-10-19 18:01:24Z INFO GitHubActionsService] Starting operation Location.GetConnectionData
[2022-10-19 18:01:24Z INFO RunnerServer] Establish connection with 60 seconds timeout.
[2022-10-19 18:01:24Z INFO GitHubActionsService] Starting operation Location.GetConnectionData
[2022-10-19 18:01:24Z INFO GitHubActionsService] Finished operation Location.GetConnectionData
[2022-10-19 18:01:24Z INFO GitHubActionsService] Finished operation Location.GetConnectionData
[2022-10-19 18:01:25Z INFO GitHubActionsService] Finished operation Location.GetConnectionData
[2022-10-19 18:01:25Z INFO RSAEncryptedFileKeyManager] Loading RSA key parameters from file C:\Users\kchas\CypressAutomation\.credentials_rsaparams
[2022-10-19 18:01:25Z INFO RSAEncryptedFileKeyManager] Loading RSA key parameters from file C:\Users\kchas\CypressAutomation\.credentials_rsaparams
[2022-10-19 18:01:25Z INFO GitHubActionsService] AAD Correlation ID for this token request: Unknown
[2022-10-19 18:01:25Z INFO CommandSettings] Arg 'work': ''
[2022-10-19 18:01:25Z INFO CommandSettings] Flag 'unattended': 'False'
[2022-10-19 18:01:25Z INFO PromptManager] ReadValue
[2022-10-19 18:01:25Z INFO Terminal] WRITE: Enter name of work folder: 
[2022-10-19 18:01:25Z INFO Terminal] WRITE: [press Enter for _work] 
[2022-10-19 18:01:25Z INFO Terminal] READ LINE
[2022-10-19 18:01:25Z INFO Terminal] Read value: ''
[2022-10-19 18:01:25Z INFO PromptManager] Falling back to the default: '_work'
[2022-10-19 18:01:25Z INFO ConfigurationStore] Saving runner settings.
[2022-10-19 18:01:25Z INFO ConfigurationStore] Settings Saved.
[2022-10-19 18:01:25Z INFO Terminal] WRITE LINE: 
[2022-10-19 18:01:25Z INFO Terminal] WRITE LINE: 
[2022-10-19 18:01:25Z INFO CommandSettings] Flag 'runasservice': 'False'
[2022-10-19 18:01:25Z INFO CommandSettings] Flag 'unattended': 'False'
[2022-10-19 18:01:25Z INFO PromptManager] ReadValue
[2022-10-19 18:01:25Z INFO Terminal] WRITE: Would you like to run the runner as service? (Y/N) 
[2022-10-19 18:01:25Z INFO Terminal] WRITE: [press Enter for N] 
[2022-10-19 18:01:25Z INFO Terminal] READ LINE
[2022-10-19 18:01:34Z INFO Terminal] Read value: 'y'
[2022-10-19 18:01:34Z INFO ConfigurationManager] Configuring to run the agent as service
[2022-10-19 18:01:34Z ERR  WindowsServiceControlManager] Needs Administrator privileges for configure runner as windows service.
[2022-10-19 18:01:34Z ERR  Runner] System.Security.SecurityException: Needs Administrator privileges for configuring runner as windows service.
   at GitHub.Runner.Listener.Configuration.WindowsServiceControlManager.ConfigureService(RunnerSettings settings, CommandSettings command)
   at GitHub.Runner.Listener.Configuration.ConfigurationManager.ConfigureAsync(CommandSettings command)
   at GitHub.Runner.Listener.Runner.ExecuteCommand(CommandSettings command)
[2022-10-19 18:01:34Z ERR  Terminal] WRITE ERROR: Needs Administrator privileges for configuring runner as windows service.
[2022-10-19 18:01:34Z INFO Listener] Runner execution has finished with return code 1
